Determining if the pthread_create exist failed with the following output:
Change Dir: /home/kendemu/catkin_ws/src/roomba_robot_meiji/roomba_teleop_meiji/build/CMakeFiles/CMakeTmp

Run Build Command:/usr/bin/make "cmTryCompileExec949241733/fast"
make[1]: Entering directory `/home/kendemu/catkin_ws/src/roomba_robot_meiji/roomba_teleop_meiji/build/CMakeFiles/CMakeTmp'
/usr/bin/make -f CMakeFiles/cmTryCompileExec949241733.dir/build.make CMakeFiles/cmTryCompileExec949241733.dir/build
make[2]: Entering directory `/home/kendemu/catkin_ws/src/roomba_robot_meiji/roomba_teleop_meiji/build/CMakeFiles/CMakeTmp'
/usr/bin/cmake -E cmake_progress_report /home/kendemu/catkin_ws/src/roomba_robot_meiji/roomba_teleop_meiji/build/CMakeFiles/CMakeTmp/CMakeFiles 1
Building C object CMakeFiles/cmTryCompileExec949241733.dir/CheckSymbolExists.c.o
/usr/bin/cc    -o CMakeFiles/cmTryCompileExec949241733.dir/CheckSymbolExists.c.o   -c /home/kendemu/catkin_ws/src/roomba_robot_meiji/roomba_teleop_meiji/build/CMakeFiles/CMakeTmp/CheckSymbolExists.c
Linking C executable cmTryCompileExec949241733
/usr/bin/cmake -E cmake_link_script CMakeFiles/cmTryCompileExec949241733.dir/link.txt --verbose=1
/usr/bin/cc       CMakeFiles/cmTryCompileExec949241733.dir/CheckSymbolExists.c.o  -o cmTryCompileExec949241733 -rdynamic 
CMakeFiles/cmTryCompileExec949241733.dir/CheckSymbolExists.c.o: In function `main':
CheckSymbolExists.c:(.text+0x16): undefined reference to `pthread_create'
collect2: error: ld returned 1 exit status
make[2]: *** [cmTryCompileExec949241733] Error 1
make[2]: Leaving directory `/home/kendemu/catkin_ws/src/roomba_robot_meiji/roomba_teleop_meiji/build/CMakeFiles/CMakeTmp'
make[1]: *** [cmTryCompileExec949241733/fast] Error 2
make[1]: Leaving directory `/home/kendemu/catkin_ws/src/roomba_robot_meiji/roomba_teleop_meiji/build/CMakeFiles/CMakeTmp'

File /home/kendemu/catkin_ws/src/roomba_robot_meiji/roomba_teleop_meiji/build/CMakeFiles/CMakeTmp/CheckSymbolExists.c:
/* */
#include <pthread.h>

int main(int argc, char** argv)
{
  (void)argv;
#ifndef pthread_create
  return ((int*)(&pthread_create))[argc];
#else
  (void)argc;
  return 0;
#endif
}

Determining if the function pthread_create exists in the pthreads failed with the following output:
Change Dir: /home/kendemu/catkin_ws/src/roomba_robot_meiji/roomba_teleop_meiji/build/CMakeFiles/CMakeTmp

Run Build Command:/usr/bin/make "cmTryCompileExec4127717008/fast"
make[1]: Entering directory `/home/kendemu/catkin_ws/src/roomba_robot_meiji/roomba_teleop_meiji/build/CMakeFiles/CMakeTmp'
/usr/bin/make -f CMakeFiles/cmTryCompileExec4127717008.dir/build.make CMakeFiles/cmTryCompileExec4127717008.dir/build
make[2]: Entering directory `/home/kendemu/catkin_ws/src/roomba_robot_meiji/roomba_teleop_meiji/build/CMakeFiles/CMakeTmp'
/usr/bin/cmake -E cmake_progress_report /home/kendemu/catkin_ws/src/roomba_robot_meiji/roomba_teleop_meiji/build/CMakeFiles/CMakeTmp/CMakeFiles 1
Building C object CMakeFiles/cmTryCompileExec4127717008.dir/CheckFunctionExists.c.o
/usr/bin/cc   -DCHECK_FUNCTION_EXISTS=pthread_create   -o CMakeFiles/cmTryCompileExec4127717008.dir/CheckFunctionExists.c.o   -c /usr/share/cmake-2.8/Modules/CheckFunctionExists.c
Linking C executable cmTryCompileExec4127717008
/usr/bin/cmake -E cmake_link_script CMakeFiles/cmTryCompileExec4127717008.dir/link.txt --verbose=1
/usr/bin/cc   -DCHECK_FUNCTION_EXISTS=pthread_create    CMakeFiles/cmTryCompileExec4127717008.dir/CheckFunctionExists.c.o  -o cmTryCompileExec4127717008 -rdynamic -lpthreads 
/usr/bin/ld: cannot find -lpthreads
collect2: error: ld returned 1 exit status
make[2]: *** [cmTryCompileExec4127717008] Error 1
make[2]: Leaving directory `/home/kendemu/catkin_ws/src/roomba_robot_meiji/roomba_teleop_meiji/build/CMakeFiles/CMakeTmp'
make[1]: *** [cmTryCompileExec4127717008/fast] Error 2
make[1]: Leaving directory `/home/kendemu/catkin_ws/src/roomba_robot_meiji/roomba_teleop_meiji/build/CMakeFiles/CMakeTmp'


